app/mapping.txt
# compiler: R8
# compiler_version: 1.6.67
# min_api: 19
# pg_map_id: e86800a
# common_typos_disable
com.tandm.abadeliverydriver.DataBinderMapperImpl -> c.d.a.a:
    android.util.SparseIntArray INTERNAL_LAYOUT_ID_LOOKUP -> a
    92:119:void <clinit>() -> <clinit>
    43:43:void <init>() -> <init>
    123:276:androidx.databinding.ViewDataBinding getDataBinder(androidx.databinding.DataBindingComponent,android.view.View,int) -> a
    281:282:androidx.databinding.ViewDataBinding getDataBinder(androidx.databinding.DataBindingComponent,android.view.View[],int) -> a
    313:315:java.util.List collectDependencies() -> a
com.tandm.abadeliverydriver.databinding.ItemAaBinding -> c.d.a.b.a:
    android.widget.TextView itemCheckStop -> u
    com.tandm.abadeliverydriver.main.home.fragmenthomedriver.model.Shipment mItem -> x
    android.widget.TextView itemStoreCode -> w
    android.widget.TextView itemCustomerCode -> v
    android.widget.Button itemBtnStart -> t
    android.widget.Button itemBtnDenied -> s
    android.widget.Button itemBtnAccepted -> r
    52:61:void <init>(java.lang.Object,android.view.View,int,android.widget.Button,android.widget.Button,android.widget.Button,android.widget.TextView,android.widget.TextView,android.widget.TextView,android.widget.LinearLayout,android.widget.LinearLayout) -> <init>
    void setItem(com.tandm.abadeliverydriver.main.home.fragmenthomedriver.model.Shipment) -> a
com.tandm.abadeliverydriver.databinding.ItemAaBindingImpl -> c.d.a.b.b:
    android.util.SparseIntArray sViewsWithIds -> F
    android.widget.TextView mboundView4 -> A
    androidx.databinding.ViewDataBinding$IncludedLayouts sIncludes -> E
    android.widget.TextView mboundView6 -> C
    android.widget.TextView mboundView5 -> B
    androidx.cardview.widget.CardView mboundView0 -> y
    long mDirtyFlags -> D
    android.widget.TextView mboundView3 -> z
    15:23:void <clinit>() -> <clinit>
    41:42:void <init>(androidx.databinding.DataBindingComponent,android.view.View) -> <init>
    44:69:void <init>(androidx.databinding.DataBindingComponent,android.view.View,java.lang.Object[]) -> <init>
    102:105:void setItem(com.tandm.abadeliverydriver.main.home.fragmenthomedriver.model.Shipment) -> a
    119:123:void executeBindings() -> a
    81:85:boolean hasPendingBindings() -> d
    73:75:void invalidateAll() -> h
com.tandm.abadeliverydriver.databinding.ItemCheckStoreBinding -> c.d.a.b.c:
    android.widget.TextView tvStoreAddress -> s
    android.widget.TextView tvABAStoreCode -> r
    android.widget.TextView tvStoreCustomer -> u
    android.widget.TextView tvStoreCode -> t
    android.widget.TextView tvStoreName -> v
    com.tandm.abadeliverydriver.main.home.fragmenthomedriver.model.StoreDriver mItem -> w
    40:46:void <init>(java.lang.Object,android.view.View,int,android.widget.TextView,android.widget.TextView,android.widget.TextView,android.widget.TextView,android.widget.TextView) -> <init>
    void setItem(com.tandm.abadeliverydriver.main.home.fragmenthomedriver.model.StoreDriver) -> a
com.tandm.abadeliverydriver.databinding.ItemCheckStoreBindingImpl -> c.d.a.b.d:
    long mDirtyFlags -> y
    android.util.SparseIntArray sViewsWithIds -> A
    androidx.cardview.widget.CardView mboundView0 -> x
    androidx.databinding.ViewDataBinding$IncludedLayouts sIncludes -> z
    15:17:void <clinit>() -> <clinit>
    27:28:void <init>(androidx.databinding.DataBindingComponent,android.view.View) -> <init>
    30:47:void <init>(androidx.databinding.DataBindingComponent,android.view.View,java.lang.Object[]) -> <init>
    80:83:void setItem(com.tandm.abadeliverydriver.main.home.fragmenthomedriver.model.StoreDriver) -> a
    97:101:void executeBindings() -> a
    59:63:boolean hasPendingBindings() -> d
    51:53:void invalidateAll() -> h
...
com.google.zxing.datamatrix.decoder.DataBlock -> c.c.d.y.c.b:
    byte[] codewords -> b
    int numDataCodewords -> a
    31:34:void <init>(int,byte[]) -> <init>
    49:104:com.google.zxing.datamatrix.decoder.DataBlock[] getDataBlocks(byte[],com.google.zxing.datamatrix.decoder.Version) -> a
    115:115:byte[] getCodewords() -> a
    111:111:int getNumDataCodewords() -> b
com.google.zxing.datamatrix.decoder.DecodedBitStreamParser -> c.c.d.y.c.c:
    char[] C40_BASIC_SET_CHARS -> a
    char[] C40_SHIFT2_SET_CHARS -> b
    char[] TEXT_BASIC_SET_CHARS -> c
    char[] TEXT_SHIFT2_SET_CHARS -> d
    char[] TEXT_SHIFT3_SET_CHARS -> e
    53:77:void <clinit>() -> <clinit>
    86:120:com.google.zxing.common.DecoderResult decode(byte[]) -> a
    129:133:com.google.zxing.datamatrix.decoder.DecodedBitStreamParser$Mode decodeAsciiSegment(com.google.zxing.common.BitSource,java.lang.StringBuilder,java.lang.StringBuilder) -> a
    371:402:void decodeAnsiX12Segment(com.google.zxing.common.BitSource,java.lang.StringBuilder) -> a
    406:413:void parseTwoBytes(int,int,int[]) -> a
    454:467:void decodeBase256Segment(com.google.zxing.common.BitSource,java.lang.StringBuilder,java.util.Collection) -> a
    492:494:int unrandomize255State(int,int) -> a
    195:270:void decodeC40Segment(com.google.zxing.common.BitSource,java.lang.StringBuilder) -> b
    421:443:void decodeEdifactSegment(com.google.zxing.common.BitSource,java.lang.StringBuilder) -> c
    280:360:void decodeTextSegment(com.google.zxing.common.BitSource,java.lang.StringBuilder) -> d
com.google.zxing.datamatrix.decoder.DecodedBitStreamParser$1 -> c.c.d.y.c.c$a:
    int[] $SwitchMap$com$google$zxing$datamatrix$decoder$DecodedBitStreamParser$Mode -> a
    95:95:void <clinit>() -> <clinit>
com.google.zxing.datamatrix.decoder.DecodedBitStreamParser$Mode -> c.c.d.y.c.c$b:
    com.google.zxing.datamatrix.decoder.DecodedBitStreamParser$Mode EDIFACT_ENCODE -> g
    com.google.zxing.datamatrix.decoder.DecodedBitStreamParser$Mode BASE256_ENCODE -> h
    com.google.zxing.datamatrix.decoder.DecodedBitStreamParser$Mode[] $VALUES -> i
    com.google.zxing.datamatrix.decoder.DecodedBitStreamParser$Mode PAD_ENCODE -> b
    com.google.zxing.datamatrix.decoder.DecodedBitStreamParser$Mode ASCII_ENCODE -> c
    com.google.zxing.datamatrix.decoder.DecodedBitStreamParser$Mode C40_ENCODE -> d
    com.google.zxing.datamatrix.decoder.DecodedBitStreamParser$Mode TEXT_ENCODE -> e
    com.google.zxing.datamatrix.decoder.DecodedBitStreamParser$Mode ANSIX12_ENCODE -> f
    40:39:void <clinit>() -> <clinit>
    39:39:void <init>(java.lang.String,int) -> <init>
    39:39:com.google.zxing.datamatrix.decoder.DecodedBitStreamParser$Mode valueOf(java.lang.String) -> valueOf
    39:39:com.google.zxing.datamatrix.decoder.DecodedBitStreamParser$Mode[] values() -> values
com.google.zxing.datamatrix.decoder.Decoder -> c.c.d.y.c.d:
    com.google.zxing.common.reedsolomon.ReedSolomonDecoder rsDecoder -> a
    37:39:void <init>() -> <init>
    75:105:com.google.zxing.common.DecoderResult decode(com.google.zxing.common.BitMatrix) -> a
    117:127:void correctErrors(byte[],int) -> a